<?xml version="1.0" encoding="UTF-8"?>
<!-- Generated by org.testng.reporters.JUnitReportReporter -->
<testsuite hostname="M260942XWG8WP" failures="0" tests="2" name="practise.SplitterTest" time="0.010" errors="0" timestamp="07 May 2018 14:32:52 GMT" skipped="0">
  <testcase classname="practise.SplitterTest" name="verifySimpleSplitterTest" time="0.009"/>
  <testcase classname="practise.SplitterTest" name="verifyComplexSplitterTest" time="0.001"/>
</testsuite> <!-- practise.SplitterTest -->
